0 info it worked if it ends with ok
1 verbose cli [ '/usr/bin/node', '/usr/bin/npm', 'install', '-g', '@anguar/cli' ]
2 info using npm@6.9.0
3 info using node@v10.16.3
4 verbose npm-session d1b1e3227cba060e
5 silly install loadCurrentTree
6 silly install readGlobalPackageData
7 http fetch GET 404 https://registry.npmjs.org/@anguar%2fcli 1157ms
8 http fetch GET 404 https://registry.npmjs.org/@anguar%2fcli 383ms
9 silly fetchPackageMetaData error for @anguar/cli@latest 404 Not Found - GET https://registry.npmjs.org/@anguar%2fcli - Not found
10 timing stage:rollbackFailedOptional Completed in 3ms
11 timing stage:runTopLevelLifecycles Completed in 1589ms
12 verbose stack Error: 404 Not Found - GET https://registry.npmjs.org/@anguar%2fcli - Not found
12 verbose stack     at res.buffer.catch.then.body (/usr/lib/node_modules/npm/node_modules/npm-registry-fetch/check-response.js:104:15)
12 verbose stack     at process._tickCallback (internal/process/next_tick.js:68:7)
13 verbose statusCode 404
14 verbose pkgid @anguar/cli@latest
15 verbose cwd /mnt/c/Windows/system32
16 verbose Linux 4.4.0-18362-Microsoft
17 verbose argv "/usr/bin/node" "/usr/bin/npm" "install" "-g" "@anguar/cli"
18 verbose node v10.16.3
19 verbose npm  v6.9.0
20 error code E404
21 error 404 Not Found - GET https://registry.npmjs.org/@anguar%2fcli - Not found
22 error 404
23 error 404 '@anguar/cli@latest' is not in the npm registry.
24 error 404 You should bug the author to publish it (or use the name yourself!)
25 error 404 Note that you can also install from a
26 error 404 tarball, folder, http url, or git url.
27 verbose exit [ 1, true ]
